\BOOKMARK [1][-]{section.1}{\376\377\000W\000p\000r\000o\000w\000a\000d\000z\000e\000n\000i\000e}{}% 1
\BOOKMARK [2][-]{subsection.1.1}{\376\377\000C\000z\000y\000m\000\040\000j\000e\000s\000t\000\040\000L\000o\000R\000a\000p\000t\000o\000r\000?}{section.1}% 2
\BOOKMARK [2][-]{subsection.1.2}{\376\377\000C\000e\000l\000e\000,\000\040\000z\000a\001\102\000o\001\174\000e\000n\000i\000a\000\040\000i\000\040\000z\000a\000s\000t\000o\000s\000o\000w\000a\000n\000i\000a}{section.1}% 3
\BOOKMARK [2][-]{subsection.1.3}{\376\377\000O\000f\000f\000\040\000t\000h\000e\000\040\000g\000r\000i\000d\000,\000\040\000o\000n\000\040\000t\000h\000e\000\040\000m\000e\000s\000h\000\040\040\023\000\040\000c\000o\000\040\000t\000o\000\040\000z\000n\000a\000c\000z\000y\000?}{section.1}% 4
\BOOKMARK [2][-]{subsection.1.4}{\376\377\000P\000r\000z\000e\000b\000i\000e\000g\000\040\000p\000r\000a\000c\000y}{section.1}% 5
\BOOKMARK [1][-]{section.2}{\376\377\000C\000z\001\031\001\133\001\007\000\040\000s\000p\000r\000z\001\031\000t\000o\000w\000a}{}% 6
\BOOKMARK [2][-]{subsection.2.1}{\376\377\000P\000r\000o\000j\000e\000k\000t\000\040\000P\000C\000B\000\040\000i\000\040\000m\000o\000n\000t\000a\001\174\000\040\000k\000o\000m\000p\000o\000n\000e\000n\000t\000\363\000w}{section.2}% 7
\BOOKMARK [2][-]{subsection.2.2}{\376\377\000S\000c\000h\000e\000m\000a\000t\000\040\000e\000l\000e\000k\000t\000r\000o\000n\000i\000c\000z\000n\000y}{section.2}% 8
\BOOKMARK [2][-]{subsection.2.3}{\376\377\000P\000r\000o\000d\000u\000k\000c\000j\000a\000\040\000P\000C\000B}{section.2}% 9
\BOOKMARK [2][-]{subsection.2.4}{\376\377\000L\000i\000s\000t\000a\000\040\000e\000l\000e\000m\000e\000n\000t\000\363\000w\000\040\000\050\000B\000O\000M\000\051}{section.2}% 10
\BOOKMARK [2][-]{subsection.2.5}{\376\377\000O\000b\000u\000d\000o\000w\000a\000\040\000u\000r\000z\001\005\000d\000z\000e\000n\000i\000a}{section.2}% 11
\BOOKMARK [2][-]{subsection.2.6}{\376\377\000Z\001\102\000o\001\174\000o\000n\000a\000\040\000j\000e\000d\000n\000o\000s\000t\000k\000a}{section.2}% 12
\BOOKMARK [2][-]{subsection.2.7}{\376\377\000S\000z\000a\000c\000u\000n\000k\000o\000w\000y\000\040\000k\000o\000s\000z\000t\000\040\000j\000e\000d\000n\000e\000j\000\040\000j\000e\000d\000n\000o\000s\000t\000k\000i}{section.2}% 13
\BOOKMARK [1][-]{section.3}{\376\377\000C\000z\001\031\001\133\001\007\000\040\000p\000r\000o\000g\000r\000a\000m\000o\000w\000a}{}% 14
\BOOKMARK [2][-]{subsection.3.1}{\376\377\000B\000i\000b\000l\000i\000o\000t\000e\000k\000a\000\040\000L\000o\000R\000a\000M\000e\000s\000h\000e\000r}{section.3}% 15
\BOOKMARK [3][-]{subsubsection.3.1.1}{\376\377\000C\000z\000y\000m\000\040\000j\000e\000s\000t\000\040\000L\000o\000R\000a\000M\000e\000s\000h\000e\000r\000?}{subsection.3.1}% 16
\BOOKMARK [3][-]{subsubsection.3.1.2}{\376\377\000S\000t\000r\000u\000k\000t\000u\000r\000a\000\040\000w\000i\000a\000d\000o\000m\000o\001\133\000c\000i\000\040\000i\000\040\000k\000o\000m\000u\000n\000i\000k\000a\000c\000j\000a}{subsection.3.1}% 17
\BOOKMARK [3][-]{subsubsection.3.1.3}{\376\377\000A\000r\000c\000h\000i\000t\000e\000k\000t\000u\000r\000a\000\040\000z\000a\000d\000a\001\104\000\040\000i\000\040\000k\000o\000l\000e\000j\000e\000k}{subsection.3.1}% 18
\BOOKMARK [3][-]{subsubsection.3.1.4}{\376\377\000A\000b\000s\000t\000r\000a\000k\000c\000j\000a\000\040\000d\000a\000n\000y\000c\000h\000\040\000i\000\040\000i\000n\000t\000e\000g\000r\000a\000c\000j\000a\000\040\000w\000\040\000L\000o\000R\000a\000p\000t\000o\000r\000z\000e}{subsection.3.1}% 19
\BOOKMARK [3][-]{subsubsection.3.1.5}{\376\377\000F\000o\000r\000m\000a\000t\000\040\000d\000a\000n\000y\000c\000h\000\040\000P\000a\000y\000l\000o\000a\000d}{subsection.3.1}% 20
\BOOKMARK [3][-]{subsubsection.3.1.6}{\376\377\000W\000y\000s\000y\001\102\000a\000n\000i\000e\000\040\000d\000a\000n\000y\000c\000h\000\040\000p\000r\000z\000e\000z\000\040\000L\000o\000R\000a\000M\000e\000s\000h\000e\000r}{subsection.3.1}% 21
\BOOKMARK [3][-]{subsubsection.3.1.7}{\376\377\000D\000e\000k\000o\000d\000o\000w\000a\000n\000i\000e\000\040\000p\000o\000\040\000s\000t\000r\000o\000n\000i\000e\000\040\000o\000d\000b\000i\000o\000r\000c\000y}{subsection.3.1}% 22
\BOOKMARK [3][-]{subsubsection.3.1.8}{\376\377\000K\000o\000r\000z\000y\001\133\000c\000i\000\040\000p\000r\000o\000j\000e\000k\000t\000o\000w\000e}{subsection.3.1}% 23
\BOOKMARK [3][-]{subsubsection.3.1.9}{\376\377\000P\000o\000d\000s\000u\000m\000o\000w\000a\000n\000i\000e}{subsection.3.1}% 24
\BOOKMARK [2][-]{subsection.3.2}{\376\377\000B\000i\000b\000l\000i\000o\000t\000e\000k\000a\000\040\000R\000a\000p\000t\000o\000r\000C\000L\000I}{section.3}% 25
\BOOKMARK [3][-]{subsubsection.3.2.1}{\376\377\000A\000r\000c\000h\000i\000t\000e\000k\000t\000u\000r\000a\000\040\000i\000\040\000i\000n\000t\000e\000g\000r\000a\000c\000j\000a}{subsection.3.2}% 26
\BOOKMARK [3][-]{subsubsection.3.2.2}{\376\377\000P\000o\001\102\001\005\000c\000z\000e\000n\000i\000a\000\040\040\024\000\040\000c\000z\000y\000m\000\040\000o\000n\000e\000\040\000s\001\005\000?}{subsection.3.2}% 27
\BOOKMARK [3][-]{subsubsection.3.2.3}{\376\377\000P\000r\000z\000y\000k\001\102\000a\000d\000o\000w\000e\000\040\000p\000o\000l\000e\000c\000e\000n\000i\000a}{subsection.3.2}% 28
\BOOKMARK [3][-]{subsubsection.3.2.4}{\376\377\000D\000e\000f\000i\000n\000i\000o\000w\000a\000n\000i\000e\000\040\000k\000o\000m\000e\000n\000d\000\040\000w\000\040\000k\000o\000d\000z\000i\000e}{subsection.3.2}% 29
\BOOKMARK [3][-]{subsubsection.3.2.5}{\376\377\000A\000r\000g\000u\000m\000e\000n\000t\000y\000\040\000p\000o\000l\000e\000c\000e\001\104}{subsection.3.2}% 30
\BOOKMARK [3][-]{subsubsection.3.2.6}{\376\377\000A\000r\000g\000u\000m\000e\000n\000t\000y\000\040\000o\000\040\000n\000i\000e\000o\000g\000r\000a\000n\000i\000c\000z\000o\000n\000e\000j\000\040\000l\000i\000c\000z\000b\000i\000e}{subsection.3.2}% 31
\BOOKMARK [3][-]{subsubsection.3.2.7}{\376\377\000Z\000a\000r\000z\001\005\000d\000z\000a\000n\000i\000e\000\040\000w\000y\000j\001\133\000c\000i\000e\000m\000\040\000i\000\040\000w\000e\000j\001\133\000c\000i\000e\000m}{subsection.3.2}% 32
\BOOKMARK [3][-]{subsubsection.3.2.8}{\376\377\000P\000o\000d\000s\000u\000m\000o\000w\000a\000n\000i\000e}{subsection.3.2}% 33
\BOOKMARK [2][-]{subsection.3.3}{\376\377\000A\000p\000l\000i\000k\000a\000c\000j\000a\000\040\000R\000a\000p\000t\000C\000h\000a\000t}{section.3}% 34
\BOOKMARK [3][-]{subsubsection.3.3.1}{\376\377\000A\000r\000c\000h\000i\000t\000e\000k\000t\000u\000r\000a\000\040\000d\000z\000i\000a\001\102\000a\000n\000i\000a}{subsection.3.3}% 35
\BOOKMARK [3][-]{subsubsection.3.3.2}{\376\377\000K\000o\000m\000u\000n\000i\000k\000a\000c\000j\000a\000\040\000z\000\040\000u\000r\000z\001\005\000d\000z\000e\000n\000i\000e\000m}{subsection.3.3}% 36
\BOOKMARK [3][-]{subsubsection.3.3.3}{\376\377\000W\000a\000r\000s\000t\000w\000a\000\040\000B\000L\000E}{subsection.3.3}% 37
\BOOKMARK [3][-]{subsubsection.3.3.4}{\376\377\000A\000u\000t\000o\000m\000a\000t\000y\000z\000a\000c\000j\000a\000\040\000k\000o\000n\000f\000i\000g\000u\000r\000a\000c\000j\000i}{subsection.3.3}% 38
\BOOKMARK [3][-]{subsubsection.3.3.5}{\376\377\000W\000a\000r\000s\000t\000w\000a\000\040\000w\000i\000a\000d\000o\000m\000o\001\133\000c\000i}{subsection.3.3}% 39
\BOOKMARK [3][-]{subsubsection.3.3.6}{\376\377\000I\000n\000t\000e\000r\000f\000e\000j\000s\000\040\000u\001\174\000y\000t\000k\000o\000w\000n\000i\000k\000a}{subsection.3.3}% 40
\BOOKMARK [3][-]{subsubsection.3.3.7}{\376\377\000P\000o\000d\000s\000u\000m\000o\000w\000a\000n\000i\000e}{subsection.3.3}% 41
\BOOKMARK [1][-]{section.4}{\376\377\000Z\000a\000l\000e\000t\000y\000\040\000i\000\040\000k\000o\000r\000z\000y\001\133\000c\000i\000\040\000n\000a\000s\000z\000e\000g\000o\000\040\000r\000o\000z\000w\000i\001\005\000z\000a\000n\000i\000a}{}% 42
\BOOKMARK [1][-]{section.5}{\376\377\000K\000o\000n\000k\000u\000r\000e\000n\000c\000y\000j\000n\000o\001\133\001\007}{}% 43
\BOOKMARK [1][-]{section.6}{\376\377\000I\000n\000n\000o\000w\000a\000c\000y\000j\000n\000o\001\133\001\007}{}% 44
\BOOKMARK [1][-]{section.7}{\376\377\000P\000l\000a\000n\000y\000\040\000n\000a\000\040\000p\000r\000z\000y\000s\000z\001\102\000o\001\133\001\007}{}% 45
\BOOKMARK [1][-]{section.8}{\376\377\000G\000d\000z\000i\000e\000\040\000n\000a\000s\000\040\000m\000o\001\174\000n\000a\000\040\000z\000n\000a\000l\000e\001\172\001\007\000?}{}% 46
